    9
 SCF done     -14.25773542      0.00000000
C          0.681899664963   -0.620499695131   -0.002499998772
C         -0.659599675920   -0.629799690561    0.113099944431
C         -1.301799360388    0.578399715815    0.059299970864
S         -0.027999986243    1.683299172946   -0.148999926792
C          1.286299368004    0.601599704417   -0.164099919373
H          1.276099373015   -1.574099226599    0.032399984081
H         -1.239799390851   -1.580799223308    0.248199878052
H         -2.387098827149    0.760299626443    0.135799933278
H          2.371998834568    0.781699615928   -0.273199865769
    9
 SCF done     -14.27622910      0.14804168
C          0.698285962355   -0.663268312584   -0.000064913675
C         -0.676993600883   -0.672143371555    0.118360374353
C         -1.253183365446    0.573293451795    0.055623381106
S         -0.026189755416    1.749270343314   -0.155083087572
C          1.237319740409    0.591000874665   -0.158976113980
H          1.295296586729   -1.579854843267    0.031295799190
H         -1.255762846947   -1.590966924083    0.250489313068
H         -2.312345363677    0.786057826936    0.127088581509
H          2.293572642877    0.806710954730   -0.268733333999
    9
 SCF done     -14.27921526      0.06022257
C          0.708240488165   -0.681010879815    0.000675318363
C         -0.688501737236   -0.689413826376    0.120895187110
C         -1.232294613926    0.564031860113    0.054672683903
S         -0.024564324531    1.762532635680   -0.156412064324
C          1.216981007000    0.579049747548   -0.156166382601
H          1.312198399127   -1.579588173040    0.029829206833
H         -1.271735536702   -1.592594656313    0.252004667411
H         -2.280076750174    0.807638954565    0.122385537122
H          2.259753068278    0.829454337588   -0.267884153818
    9
 SCF done     -14.27974143      0.02417057
C          0.715034012560   -0.689626592139    0.000863746555
C         -0.696761716435   -0.697513402266    0.122328307781
C         -1.223780348705    0.556025349212    0.054666426997
S         -0.023159284987    1.763118665761   -0.156589400356
C          1.209075116611    0.569294737368   -0.154614051957
H          1.324670154715   -1.580375301733    0.028831354896
H         -1.283772207095   -1.594281669490    0.253190599862
H         -2.265837735872    0.825042875073    0.119603490676
H          2.244532009208    0.848415338163   -0.268280474453
    9
 SCF done     -14.27976619      0.00528122
C          0.716159411034   -0.690074288050    0.000808980501
C         -0.698175837488   -0.697739812748    0.122469764579
C         -1.224477664533    0.554384827902    0.054873304813
S         -0.022857285390    1.761571547315   -0.156471882400
C          1.209944011255    0.567386182190   -0.154517840329
H          1.325947560041   -1.581611968656    0.028834933277
H         -1.284908886072   -1.595542628309    0.253400545197
H         -2.264948807236    0.828999958167    0.119169561925
H          2.243317498390    0.852726182140   -0.268567367564
    9
 SCF done     -14.27977251      0.00229145
C          0.716417910115   -0.689980888232    0.000778789982
C         -0.698522893231   -0.697484878362    0.122477012004
C         -1.225606267059    0.553655121388    0.055037065853
S         -0.022743125828    1.760831175998   -0.156419444847
C          1.211144933873    0.566547229014   -0.154543614132
H          1.324894538150   -1.582949108291    0.029044053353
H         -1.283771978206   -1.596803604490    0.253415476035
H         -2.265045316213    0.831188874812    0.118982363482
H          2.243232198399    0.855096078115   -0.268771701731
    9
 SCF done     -14.27977341      0.00080196
C          0.716308188918   -0.689897881090    0.000780305075
C         -0.698394458796   -0.697361858366    0.122454463657
C         -1.226035288228    0.553554431965    0.055080885676
S         -0.022748386739    1.760887874338   -0.156418399989
C          1.211567242010    0.566432681231   -0.154571468068
H          1.323773499194   -1.583589844523    0.029199153714
H         -1.282622266195   -1.597392030766    0.253371514723
H         -2.265193826184    0.831769974682    0.118940871742
H          2.243345296021    0.855696652480   -0.268837326530
